<?xml version="1.0" encoding="UTF-8"?>
<!-- Generated by org.testng.reporters.JUnitReportReporter -->
<testsuite hostname="DESKTOP-B8E4IF5" failures="0" tests="1" name="matricad.MatricadNGTest" time="0.000" errors="0" timestamp="05 abr 2023 10:12:03 GMT" skipped="0">
  <testcase classname="matricad.MatricadNGTest" name="testGetMaxCad" time="0.000"/>
</testsuite> <!-- matricad.MatricadNGTest -->
